{"level":"info","message":{"Action":"GET","Body":{"gameName":"pokemon"},"Content_Type":"application/json","Path":"/game","Time":"05/16/2022, 11:04:02 pm"},"service":"Game"}
{"level":"info","message":{"Action":"POST","Body":{"gameID":"1","gameName":"pokemon","review":"ehh it was okay","star":"three","userName":"test1"},"Content_Type":"application/json","Path":"/gameInfo","Time":"05/17/2022, 7:09:09 pm"},"service":"Game"}
{"level":"info","message":{"Action":"POST","Body":{"gameID":"1","gameName":"pokemon","review":"ehh it was okay","star":"three","userName":"test1"},"Content_Type":"application/json","Path":"/gameInfo","Time":"05/17/2022, 7:18:54 pm"},"service":"Game"}
{"level":"info","message":{"Action":"POST","Body":{"gameID":"1","gameName":"pokemon","review":"ehh it was okay","star":"three","userName":"test1"},"Content_Type":"application/json","Path":"/gameInfo","Time":"05/17/2022, 7:23:28 pm"},"service":"Game"}
{"level":"info","message":{"Action":"POST","Body":{"gameID":"1","gameName":"pokemon","review":"ehh it was okay","star":"three","userName":"test1"},"Content_Type":"application/json","Path":"/gameInfo","Time":"05/17/2022, 7:23:57 pm"},"service":"Game"}
{"level":"info","message":{"Action":"POST","Body":{"gameID":"1","gameName":"pokemon","review":"ehh it was okay","star":"three","userName":"test1"},"Content_Type":"application/json","Path":"/gameInfo","Time":"05/17/2022, 7:25:01 pm"},"service":"Game"}
{"level":"info","message":{"Action":"POST","Body":{"gameid":"1","gamename":"pokemon","review":"ehh it was okay","star":"three","username":"test1"},"Content_Type":"application/json","Path":"/gameInfo","Time":"05/17/2022, 7:34:21 pm"},"service":"Game"}
{"level":"info","message":{"Action":"POST","Body":{"gameid":"1","gamename":"pokemon","review":"ehh it was okay","star":"three","username":"test1"},"Content_Type":"application/json","Path":"/gameInfo","Time":"05/17/2022, 7:34:23 pm"},"service":"Game"}
{"level":"info","message":{"Action":"POST","Body":{"gameid":"1","gamename":"pokemon","review":"ehh it was okay","star":"three","username":"test1"},"Content_Type":"application/json","Path":"/gameInfo","Time":"05/17/2022, 7:36:58 pm"},"service":"Game"}
{"level":"info","message":{"Action":"POST","Body":{"gameid":"1","gamename":"pokemon","review":"ehh it was okay","star":"three","username":"test1"},"Content_Type":"application/json","Path":"/gameInfo","Time":"05/17/2022, 7:46:57 pm"},"service":"Game"}
{"level":"info","message":{"Action":"POST","Body":{"gameid":"1","gamename":"pokemon","review":"ehh it was okay","star":"three","username":"test1"},"Content_Type":"application/json","Path":"/gameInfo","Time":"05/17/2022, 7:59:27 pm"},"service":"Game"}
{"level":"info","message":{"Action":"POST","Body":{"gameid":"1","gamename":"pokemon","review":"ehh it was okay","star":"three","username":"test1"},"Content_Type":"application/json","Path":"/gameInfo","Time":"05/17/2022, 8:04:15 pm"},"service":"Game"}
{"level":"info","message":{"Action":"POST","Body":{"gameid":"1","gamename":"pokemon","review":"ehh it was okay","star":3,"username":"test1"},"Content_Type":"application/json","Path":"/gameInfo","Time":"05/17/2022, 8:05:13 pm"},"service":"Game"}
{"level":"info","message":{"Action":"GET","Body":{},"Path":"/gameInfo","Time":"05/17/2022, 8:08:05 pm"},"service":"Game"}
{"level":"info","message":{"Action":"GET","Body":{},"Path":"/gameList","Time":"05/17/2022, 8:08:24 pm"},"service":"Game"}
{"level":"info","message":{"Action":"GET","Body":{},"Path":"/gameList","Time":"05/17/2022, 8:08:55 pm"},"service":"Game"}
{"level":"info","message":{"Action":"GET","Body":{},"Path":"/gameList","Time":"05/17/2022, 8:22:02 pm"},"service":"Game"}
{"level":"info","message":{"Action":"GET","Body":{},"Path":"/gameList","Time":"05/17/2022, 8:22:03 pm"},"service":"Game"}
{"level":"info","message":{"Action":"GET","Body":{},"Path":"/gameList","Time":"05/17/2022, 8:23:05 pm"},"service":"Game"}
{"level":"info","message":{"Action":"GET","Body":{},"Path":"/gameInfo","Time":"05/17/2022, 8:23:15 pm"},"service":"Game"}
{"level":"info","message":{"Action":"GET","Body":{},"Path":"/gameInfo","Time":"05/17/2022, 8:23:16 pm"},"service":"Game"}
{"level":"info","message":{"Action":"GET","Body":{},"Path":"/gameList","Time":"05/17/2022, 8:23:34 pm"},"service":"Game"}
{"level":"info","message":{"Action":"GET","Body":{},"Path":"/gameInfo","Time":"05/17/2022, 8:24:53 pm"},"service":"Game"}
{"level":"info","message":{"Action":"GET","Body":{},"Path":"/gameInfo","Time":"05/17/2022, 8:51:33 pm"},"service":"Game"}
{"level":"info","message":{"Action":"GET","Body":{},"Path":"/gameInfo","Time":"05/17/2022, 8:52:25 pm"},"service":"Game"}
{"level":"info","message":{"Action":"GET","Body":{},"Path":"/gameInfo","Time":"05/17/2022, 8:53:28 pm"},"service":"Game"}
{"level":"info","message":{"Action":"GET","Body":{},"Path":"/gameInfo","Time":"05/17/2022, 8:55:13 pm"},"service":"Game"}
{"level":"info","message":{"Action":"GET","Body":{},"Path":"/gameInfo","Time":"05/17/2022, 8:58:11 pm"},"service":"Game"}

{"level":"info","message":{"Action":"GET","Body":{},"Path":"/gameInfo","Time":"05/18/2022, 5:57:26 pm"},"service":"Game"}
{"level":"info","message":{"Action":"PATCH","Body":{"gamename":"Doom"},"Content_Type":"application/json","Path":"/gameInfo/1","Time":"05/18/2022, 6:03:10 pm"},"service":"Game"}
{"level":"info","message":{"Action":"PATCH","Body":{"gamename":"Doom"},"Content_Type":"application/json","Path":"/gameInfo/","Time":"05/18/2022, 6:07:42 pm"},"service":"Game"}
{"level":"info","message":{"Action":"PATCH","Body":{"gamename":"Doom"},"Content_Type":"application/json","Path":"/gameInfo/","Time":"05/18/2022, 6:08:14 pm"},"service":"Game"}
{"level":"info","message":{"Action":"PATCH","Body":{"gamename":"Doom"},"Content_Type":"application/json","Path":"/gameInfo/","Time":"05/18/2022, 6:09:43 pm"},"service":"Game"}
{"level":"info","message":{"Action":"PATCH","Body":{"gamename":"Doom"},"Content_Type":"application/json","Path":"/gameInfo/1","Time":"05/18/2022, 6:09:55 pm"},"service":"Game"}
{"level":"info","message":{"Action":"GET","Body":{},"Path":"/gameInfo","Time":"05/18/2022, 6:10:18 pm"},"service":"Game"}
{"level":"info","message":{"Action":"POST","Body":{"gameid":777,"gamename":"donkey kong","review":"bananas","star":5,"username":"test"},"Content_Type":"application/json","Path":"/favInfo","Time":"05/18/2022, 6:18:20 pm"},"service":"Game"}
{"level":"info","message":{"Action":"POST","Body":{"gameid":777,"gamename":"donkey kong","review":"bananas","star":5,"username":"test"},"Content_Type":"application/json","Path":"/favInfo","Time":"05/18/2022, 6:19:59 pm"},"service":"Game"}
{"level":"info","message":{"Action":"PATCH","Body":{"star":4},"Content_Type":"application/json","Path":"/gameInfo/777","Time":"05/18/2022, 6:42:38 pm"},"service":"Game"}
{"level":"info","message":{"Action":"PATCH","Body":{"star":4},"Content_Type":"application/json","Path":"/favInfo/777","Time":"05/18/2022, 6:44:33 pm"},"service":"Game"}

{"level":"info","message":{"Action":"GET","Body":{},"Path":"/favoritesInfo","Time":"05/19/2022, 7:04:41 pm"},"service":"Game"}
{"level":"info","message":{"Action":"GET","Body":{},"Path":"/gameInfo","Time":"05/19/2022, 7:05:43 pm"},"service":"Game"}
{"level":"info","message":{"Action":"GET","Body":{},"Path":"/favoritesInfo","Time":"05/19/2022, 7:05:54 pm"},"service":"Game"}
{"level":"info","message":{"Action":"GET","Body":{},"Path":"/FavoritesInfo","Time":"05/19/2022, 7:05:59 pm"},"service":"Game"}
{"level":"info","message":{"Action":"GET","Body":{},"Path":"/favoritesInfo","Time":"05/19/2022, 7:06:04 pm"},"service":"Game"}
{"level":"info","message":{"Action":"GET","Body":{"gameid":"1111","gamename":"god of war","review":"it was amazing","star":4,"username":"test01"},"Content_Type":"application/json","Path":"/favoritesInfo","Time":"05/19/2022, 7:07:58 pm"},"service":"Game"}
{"level":"info","message":{"Action":"GET","Body":{"gameid":"1111","gamename":"god of war","review":"it was amazing","star":4,"username":"test01"},"Content_Type":"application/json","Path":"/favoritesInfo","Time":"05/19/2022, 7:09:37 pm"},"service":"Game"}
{"level":"info","message":{"Action":"GET","Body":{"gameid":"1111","gamename":"god of war","review":"it was amazing","star":4,"username":"test01"},"Content_Type":"application/json","Path":"/favoritesInfo","Time":"05/19/2022, 7:20:50 pm"},"service":"Game"}
{"level":"info","message":{"Action":"POST","Body":{"gameid":"1111","gamename":"god of war","review":"it was amazing","star":4,"username":"test01"},"Content_Type":"application/json","Path":"/favoritesInfo","Time":"05/19/2022, 7:21:18 pm"},"service":"Game"}
{"level":"info","message":{"Action":"POST","Body":{"gameid":"1111","gamename":"god of war","review":"it was amazing","star":4,"username":"test01"},"Content_Type":"application/json","Path":"/favoritesInfo","Time":"05/19/2022, 7:22:27 pm"},"service":"Game"}
{"level":"info","message":{"Action":"POST","Body":{"gameid":"1109811","gamename":"god of war","review":"it was amazing","star":4,"username":"test01"},"Content_Type":"application/json","Path":"/favoritesInfo","Time":"05/19/2022, 7:22:44 pm"},"service":"Game"}
{"level":"info","message":{"Action":"POST","Body":{"gameid":"1109811","gamename":"god of war","review":"it was amazing","star":4,"username":"test01"},"Content_Type":"application/json","Path":"/favInfo","Time":"05/19/2022, 7:22:57 pm"},"service":"Game"}
{"level":"info","message":{"Action":"GET","Body":{"gameid":"1109811","gamename":"god of war","review":"it was amazing","star":4,"username":"test01"},"Content_Type":"application/json","Path":"/favInfo","Time":"05/19/2022, 7:23:07 pm"},"service":"Game"}
{"level":"info","message":{"Action":"POST","Body":{"gameid":"877888","gamename":"star wars fallen order","review":"it was reallly goood","username":"test001"},"Content_Type":"application/json","Path":"/wishInfo","Time":"05/19/2022, 7:39:03 pm"},"service":"Game"}
{"level":"info","message":{"Action":"POST","Body":{"gameid":"877888","gamename":"star wars fallen order","review":"it was reallly goood","username":"test001"},"Content_Type":"application/json","Path":"/wishInfo","Time":"05/19/2022, 7:39:32 pm"},"service":"Game"}
{"level":"info","message":{"Action":"POST","Body":{"gameid":"877888","gamename":"star wars fallen order","review":"it was reallly goood","username":"test001"},"Content_Type":"application/json","Path":"/wishInfo","Time":"05/19/2022, 7:40:35 pm"},"service":"Game"}
{"level":"info","message":{"Action":"POST","Body":{"gameid":"877888","gamename":"star wars fallen order","review":"it was reallly goood","username":"test001"},"Content_Type":"application/json","Path":"/wishInfo","Time":"05/19/2022, 7:41:54 pm"},"service":"Game"}
{"level":"info","message":{"Action":"POST","Body":{"gameid":"877888","gamename":"star wars fallen order","rating":5,"username":"test001"},"Content_Type":"application/json","Path":"/wishInfo","Time":"05/19/2022, 7:43:38 pm"},"service":"Game"}
{"level":"info","message":{"Action":"GET","Body":{"gameid":"877888","gamename":"star wars fallen order","rating":5,"username":"test001"},"Content_Type":"application/json","Path":"/wishInfo","Time":"05/19/2022, 7:43:46 pm"},"service":"Game"}

{"level":"info","message":{"Action":"GET","Body":{},"Path":"/gameList/2","Time":"05/20/2022, 6:01:39 pm"},"service":"Game"}
{"level":"info","message":{"Action":"GET","Body":{},"Path":"/gameList/2","Time":"05/20/2022, 6:01:59 pm"},"service":"Game"}
{"level":"info","message":{"Action":"GET","Body":{},"Path":"/gameList/3","Time":"05/20/2022, 6:02:35 pm"},"service":"Game"}
{"level":"info","message":{"Action":"POST","Body":{"gameid":777,"gamename":"donkey kong","review":"bananas","star":5,"username":"test"},"Content_Type":"application/json","Path":"/favInfo","Time":"05/20/2022, 6:03:08 pm"},"service":"Game"}
{"level":"info","message":{"Action":"GET","Body":{},"Path":"/favInfo","Time":"05/20/2022, 6:04:03 pm"},"service":"Game"}
{"level":"info","message":{"Action":"GET","Body":{},"Path":"/favList/3","Time":"05/20/2022, 6:04:49 pm"},"service":"Game"}
{"level":"info","message":{"Action":"GET","Body":{},"Path":"/favList/3","Time":"05/20/2022, 6:06:46 pm"},"service":"Game"}
{"level":"info","message":{"Action":"GET","Body":{},"Path":"/favList/3","Time":"05/20/2022, 6:06:51 pm"},"service":"Game"}
{"level":"info","message":{"Action":"GET","Body":{},"Path":"/favList/3","Time":"05/20/2022, 6:06:52 pm"},"service":"Game"}
{"level":"info","message":{"Action":"GET","Body":{},"Path":"/favList/3","Time":"05/20/2022, 6:06:54 pm"},"service":"Game"}
{"level":"info","message":{"Action":"GET","Body":{},"Path":"/favList/3","Time":"05/20/2022, 6:07:52 pm"},"service":"Game"}
{"level":"info","message":{"Action":"GET","Body":{},"Path":"/favList/3","Time":"05/20/2022, 6:07:53 pm"},"service":"Game"}
{"level":"info","message":{"Action":"GET","Body":{},"Path":"/favList/3","Time":"05/20/2022, 6:08:09 pm"},"service":"Game"}
{"level":"info","message":{"Action":"GET","Body":{},"Path":"/favInfo/3","Time":"05/20/2022, 6:08:37 pm"},"service":"Game"}
{"level":"info","message":{"Action":"GET","Body":{},"Path":"/favList/3","Time":"05/20/2022, 6:09:19 pm"},"service":"Game"}
{"level":"info","message":{"Action":"GET","Body":{},"Path":"/gameList/3","Time":"05/21/2022, 8:40:47 am"},"service":"Game"}
{"level":"info","message":{"Action":"GET","Body":{},"Path":"/gameList/3","Time":"05/21/2022, 8:43:47 am"},"service":"Game"}
{"level":"info","message":{"Action":"GET","Body":{},"Path":"/gameList/3","Time":"05/21/2022, 8:44:25 am"},"service":"Game"}
{"level":"info","message":{"Action":"GET","Body":{},"Path":"/gameList/2","Time":"05/21/2022, 8:44:31 am"},"service":"Game"}
{"level":"info","message":{"Action":"GET","Body":{},"Path":"/gameList/2","Time":"05/21/2022, 8:44:33 am"},"service":"Game"}
{"level":"info","message":{"Action":"POST","Body":{"gamename":"pacman"},"Content_Type":"application/json","Path":"/favInfo","Time":"05/21/2022, 9:06:10 am"},"service":"Game"}
{"level":"info","message":{"Action":"POST","Body":{"gameid":300,"gamename":"Mario Worls","review":"fun","star":5,"username":"test"},"Content_Type":"application/json","Path":"/favInfo","Time":"05/21/2022, 9:10:07 am"},"service":"Game"}
{"level":"info","message":{"Action":"GET","Body":{},"Path":"/gameList/2","Time":"05/21/2022, 9:11:42 am"},"service":"Game"}
{"level":"info","message":{"Action":"GET","Body":{},"Path":"/gameList/2","Time":"05/21/2022, 9:12:35 am"},"service":"Game"}
{"level":"info","message":{"Action":"GET","Body":{},"Path":"/gameList/2","Time":"05/21/2022, 9:12:46 am"},"service":"Game"}
{"level":"info","message":{"Action":"GET","Body":{},"Path":"/gameList/2","Time":"05/21/2022, 9:22:29 am"},"service":"Game"}
{"level":"info","message":{"Action":"GET","Body":{},"Path":"/gameList/2","Time":"05/21/2022, 9:22:45 am"},"service":"Game"}
{"level":"info","message":{"Action":"GET","Body":{},"Path":"/gameList/2","Time":"05/21/2022, 9:23:55 am"},"service":"Game"}
{"level":"info","message":{"Action":"GET","Body":{},"Path":"/gameList/2","Time":"05/21/2022, 9:24:26 am"},"service":"Game"}
{"level":"info","message":{"Action":"GET","Body":{},"Path":"/gameList/2","Time":"05/21/2022, 9:25:05 am"},"service":"Game"}
{"level":"info","message":{"Action":"GET","Body":{},"Path":"/gameList/2","Time":"05/21/2022, 9:26:07 am"},"service":"Game"}
{"level":"info","message":{"Action":"GET","Body":{},"Path":"/gameList/2","Time":"05/21/2022, 9:30:31 am"},"service":"Game"}
{"level":"info","message":{"Action":"GET","Body":{},"Path":"/gameList/2","Time":"05/21/2022, 9:32:35 am"},"service":"Game"}
{"level":"info","message":{"Action":"GET","Body":{},"Path":"/gameList/2","Time":"05/21/2022, 9:33:11 am"},"service":"Game"}
{"level":"info","message":{"Action":"GET","Body":{},"Path":"/gameList/2","Time":"05/21/2022, 9:35:31 am"},"service":"Game"}
{"level":"info","message":{"Action":"GET","Body":{},"Path":"/gameList/2","Time":"05/21/2022, 9:35:48 am"},"service":"Game"}
{"level":"info","message":{"Action":"GET","Body":{},"Path":"/gaming/2","Time":"05/21/2022, 9:36:06 am"},"service":"Game"}
{"level":"info","message":{"Action":"GET","Body":{},"Path":"/gaming/2","Time":"05/21/2022, 9:37:02 am"},"service":"Game"}
{"level":"info","message":{"Action":"GET","Body":{},"Path":"/gaming/2","Time":"05/21/2022, 9:37:49 am"},"service":"Game"}
{"level":"info","message":{"Action":"GET","Body":{},"Path":"/gameList/3","Time":"05/21/2022, 9:38:12 am"},"service":"Game"}
{"level":"info","message":{"Action":"GET","Body":{},"Path":"/gameList","Time":"05/21/2022, 10:40:43 am"},"service":"Game"}
{"level":"info","message":{"Action":"GET","Body":{},"Path":"/gameList","Time":"05/21/2022, 10:53:44 am"},"service":"Game"}
{"level":"info","message":{"Action":"GET","Body":{},"Path":"/gameList","Time":"05/21/2022, 10:53:59 am"},"service":"Game"}
{"level":"info","message":{"Action":"GET","Body":{},"Path":"/gameList/3","Time":"05/21/2022, 11:04:28 am"},"service":"Game"}
{"level":"info","message":{"Action":"GET","Body":{},"Path":"/","Time":"05/21/2022, 11:04:48 am"},"service":"Game"}
{"level":"info","message":{"Action":"GET","Body":{},"Path":"/","Time":"05/21/2022, 11:06:51 am"},"service":"Game"}
{"level":"info","message":{"Action":"GET","Body":{},"Path":"/","Time":"05/21/2022, 11:06:54 am"},"service":"Game"}
{"level":"info","message":{"Action":"GET","Body":{},"Path":"/","Time":"05/21/2022, 11:08:28 am"},"service":"Game"}
{"level":"info","message":{"Action":"GET","Body":{},"Path":"/","Time":"05/21/2022, 11:08:32 am"},"service":"Game"}
{"level":"info","message":{"Action":"GET","Body":{},"Path":"/","Time":"05/21/2022, 11:11:48 am"},"service":"Game"}
{"level":"info","message":{"Action":"GET","Body":{},"Path":"/serverBP.js","Time":"05/21/2022, 11:11:48 am"},"service":"Game"}
{"level":"info","message":{"Action":"GET","Body":{},"Path":"/gameList","Time":"05/21/2022, 11:11:59 am"},"service":"Game"}
{"level":"info","message":{"Action":"GET","Body":{},"Path":"/","Time":"05/21/2022, 11:30:04 am"},"service":"Game"}
{"level":"info","message":{"Action":"GET","Body":{},"Path":"/serverBP.js","Time":"05/21/2022, 11:30:04 am"},"service":"Game"}
{"level":"info","message":{"Action":"GET","Body":{},"Path":"/gameList","Time":"05/21/2022, 11:30:10 am"},"service":"Game"}
{"level":"info","message":{"Action":"GET","Body":{},"Path":"/gameList","Time":"05/21/2022, 11:33:07 am"},"service":"Game"}
{"level":"info","message":{"Action":"GET","Body":{},"Path":"/gameList","Time":"05/21/2022, 11:35:22 am"},"service":"Game"}
{"level":"info","message":{"Action":"GET","Body":{},"Path":"/gameList","Time":"05/21/2022, 11:37:16 am"},"service":"Game"}
{"level":"info","message":{"Action":"GET","Body":{},"Path":"/gameList","Time":"05/21/2022, 11:42:54 am"},"service":"Game"}
{"level":"info","message":{"Action":"GET","Body":{},"Path":"/gameList","Time":"05/21/2022, 11:47:12 am"},"service":"Game"}
{"level":"info","message":{"Action":"GET","Body":{},"Path":"/gameList","Time":"05/21/2022, 11:48:42 am"},"service":"Game"}
{"level":"info","message":{"Action":"GET","Body":{},"Path":"/gameList","Time":"05/21/2022, 11:50:11 am"},"service":"Game"}
{"level":"info","message":{"Action":"GET","Body":{},"Path":"/gameList","Time":"05/21/2022, 11:52:32 am"},"service":"Game"}
{"level":"info","message":{"Action":"GET","Body":{},"Path":"/gameList","Time":"05/21/2022, 11:53:23 am"},"service":"Game"}
{"level":"info","message":{"Action":"GET","Body":{},"Path":"/Home","Time":"05/21/2022, 11:54:09 am"},"service":"Game"}
{"level":"info","message":{"Action":"GET","Body":{},"Path":"/gameList","Time":"05/21/2022, 11:54:17 am"},"service":"Game"}
{"level":"info","message":{"Action":"GET","Body":{},"Path":"/gameList","Time":"05/21/2022, 11:57:20 am"},"service":"Game"}
{"level":"info","message":{"Action":"GET","Body":{},"Path":"/gameList","Time":"05/21/2022, 11:59:50 am"},"service":"Game"}
{"level":"info","message":{"Action":"GET","Body":{},"Path":"/gameList","Time":"05/21/2022, 12:02:36 pm"},"service":"Game"}
{"level":"info","message":{"Action":"GET","Body":{},"Path":"/","Time":"05/21/2022, 12:02:46 pm"},"service":"Game"}
{"level":"info","message":{"Action":"GET","Body":{},"Path":"/serverBP.js","Time":"05/21/2022, 12:02:46 pm"},"service":"Game"}
{"level":"info","message":{"Action":"GET","Body":{},"Path":"/home","Time":"05/21/2022, 12:02:48 pm"},"service":"Game"}
{"level":"info","message":{"Action":"GET","Body":{},"Path":"/","Time":"05/21/2022, 12:05:19 pm"},"service":"Game"}
{"level":"info","message":{"Action":"GET","Body":{},"Path":"/serverBP.js","Time":"05/21/2022, 12:05:19 pm"},"service":"Game"}
{"level":"info","message":{"Action":"GET","Body":{},"Path":"/home","Time":"05/21/2022, 12:05:27 pm"},"service":"Game"}
{"level":"info","message":{"Action":"GET","Body":{},"Path":"/","Time":"05/21/2022, 12:05:57 pm"},"service":"Game"}
{"level":"info","message":{"Action":"GET","Body":{},"Path":"/serverBP.js","Time":"05/21/2022, 12:05:57 pm"},"service":"Game"}
{"level":"info","message":{"Action":"GET","Body":{},"Path":"/home","Time":"05/21/2022, 12:06:11 pm"},"service":"Game"}
{"level":"info","message":{"Action":"GET","Body":{},"Path":"/home","Time":"05/21/2022, 12:06:15 pm"},"service":"Game"}
{"level":"info","message":{"Action":"GET","Body":{},"Path":"/serverBP.js","Time":"05/21/2022, 12:06:23 pm"},"service":"Game"}
{"level":"info","message":{"Action":"GET","Body":{},"Path":"/","Time":"05/21/2022, 12:09:02 pm"},"service":"Game"}
{"level":"info","message":{"Action":"GET","Body":{},"Path":"/serverBP.js","Time":"05/21/2022, 12:09:02 pm"},"service":"Game"}
{"level":"info","message":{"Action":"GET","Body":{},"Path":"/home","Time":"05/21/2022, 12:09:04 pm"},"service":"Game"}
{"level":"info","message":{"Action":"GET","Body":{},"Path":"/","Time":"05/21/2022, 12:18:29 pm"},"service":"Game"}
{"level":"info","message":{"Action":"GET","Body":{},"Path":"/","Time":"05/21/2022, 12:19:36 pm"},"service":"Game"}
{"level":"info","message":{"Action":"GET","Body":{},"Path":"/","Time":"05/21/2022, 12:21:24 pm"},"service":"Game"}
{"level":"info","message":{"Action":"GET","Body":{},"Path":"/","Time":"05/21/2022, 12:23:36 pm"},"service":"Game"}
{"level":"info","message":{"Action":"GET","Body":{},"Path":"/","Time":"05/21/2022, 12:25:10 pm"},"service":"Game"}
{"level":"info","message":{"Action":"GET","Body":{},"Path":"/","Time":"05/21/2022, 12:25:43 pm"},"service":"Game"}
{"level":"info","message":{"Action":"GET","Body":{},"Path":"/","Time":"05/21/2022, 12:26:16 pm"},"service":"Game"}
{"level":"info","message":{"Action":"GET","Body":{},"Path":"/","Time":"05/21/2022, 12:27:11 pm"},"service":"Game"}
{"level":"info","message":{"Action":"GET","Body":{},"Path":"/","Time":"05/21/2022, 12:28:44 pm"},"service":"Game"}
{"level":"info","message":{"Action":"GET","Body":{},"Path":"/","Time":"05/21/2022, 12:29:09 pm"},"service":"Game"}
{"level":"info","message":{"Action":"GET","Body":{},"Path":"/","Time":"05/21/2022, 12:30:29 pm"},"service":"Game"}
{"level":"info","message":{"Action":"GET","Body":{},"Path":"/","Time":"05/21/2022, 12:32:20 pm"},"service":"Game"}
{"level":"info","message":{"Action":"GET","Body":{},"Path":"/","Time":"05/21/2022, 12:32:47 pm"},"service":"Game"}
{"level":"info","message":{"Action":"GET","Body":{},"Path":"/game.css","Time":"05/21/2022, 12:32:47 pm"},"service":"Game"}
{"level":"info","message":{"Action":"GET","Body":{},"Path":"/Assets/FCPrimal.jpg","Time":"05/21/2022, 12:32:47 pm"},"service":"Game"}
{"level":"info","message":{"Action":"GET","Body":{},"Path":"/Assets/WD.jpg","Time":"05/21/2022, 12:32:47 pm"},"service":"Game"}
{"level":"info","message":{"Action":"GET","Body":{},"Path":"/Assets/Crysis.jpg","Time":"05/21/2022, 12:32:47 pm"},"service":"Game"}
{"level":"info","message":{"Action":"GET","Body":{},"Path":"/","Time":"05/21/2022, 12:33:26 pm"},"service":"Game"}
{"level":"info","message":{"Action":"GET","Body":{},"Path":"/serverBP.js","Time":"05/21/2022, 12:33:26 pm"},"service":"Game"}
{"level":"info","message":{"Action":"GET","Body":{},"Path":"/","Time":"05/21/2022, 12:34:08 pm"},"service":"Game"}
{"level":"info","message":{"Action":"GET","Body":{},"Path":"/serverBP.js","Time":"05/21/2022, 12:34:08 pm"},"service":"Game"}
{"level":"info","message":{"Action":"GET","Body":{},"Path":"/home","Time":"05/21/2022, 12:34:11 pm"},"service":"Game"}
{"level":"info","message":{"Action":"GET","Body":{},"Path":"/home","Time":"05/21/2022, 12:34:22 pm"},"service":"Game"}
{"level":"info","message":{"Action":"GET","Body":{},"Path":"/serverBP.js","Time":"05/21/2022, 12:34:25 pm"},"service":"Game"}
{"level":"info","message":{"Action":"GET","Body":{},"Path":"/home","Time":"05/21/2022, 12:35:38 pm"},"service":"Game"}
{"level":"info","message":{"Action":"GET","Body":{},"Path":"/serverBP.js","Time":"05/21/2022, 12:35:39 pm"},"service":"Game"}
{"level":"info","message":{"Action":"GET","Body":{},"Path":"/","Time":"05/21/2022, 12:37:20 pm"},"service":"Game"}
{"level":"info","message":{"Action":"GET","Body":{},"Path":"/serverBP.js","Time":"05/21/2022, 12:37:20 pm"},"service":"Game"}
{"level":"info","message":{"Action":"GET","Body":{},"Path":"/home","Time":"05/21/2022, 12:37:22 pm"},"service":"Game"}
{"level":"info","message":{"Action":"GET","Body":{},"Path":"/serverBP.js","Time":"05/21/2022, 12:37:24 pm"},"service":"Game"}
{"level":"info","message":{"Action":"GET","Body":{},"Path":"/","Time":"05/21/2022, 12:40:13 pm"},"service":"Game"}
{"level":"info","message":{"Action":"GET","Body":{},"Path":"/","Time":"05/21/2022, 12:42:42 pm"},"service":"Game"}
{"level":"info","message":{"Action":"GET","Body":{},"Path":"/","Time":"05/21/2022, 12:43:21 pm"},"service":"Game"}
{"level":"info","message":{"Action":"GET","Body":{},"Path":"/serverBP.js","Time":"05/21/2022, 12:43:21 pm"},"service":"Game"}
{"level":"info","message":{"Action":"GET","Body":{},"Path":"/home","Time":"05/21/2022, 12:43:23 pm"},"service":"Game"}
{"level":"info","message":{"Action":"GET","Body":{},"Path":"/serverBP.js","Time":"05/21/2022, 12:43:25 pm"},"service":"Game"}
{"level":"info","message":{"Action":"GET","Body":{},"Path":"/","Time":"05/21/2022, 12:44:44 pm"},"service":"Game"}
{"level":"info","message":{"Action":"GET","Body":{},"Path":"/","Time":"05/21/2022, 12:47:01 pm"},"service":"Game"}
{"level":"info","message":{"Action":"GET","Body":{},"Path":"/","Time":"05/21/2022, 12:48:34 pm"},"service":"Game"}
{"level":"info","message":{"Action":"GET","Body":{},"Path":"/","Time":"05/21/2022, 12:53:17 pm"},"service":"Game"}
{"level":"info","message":{"Action":"GET","Body":{},"Path":"/","Time":"05/21/2022, 1:15:28 pm"},"service":"Game"}
{"level":"info","message":{"Action":"GET","Body":{},"Path":"/","Time":"05/21/2022, 1:15:48 pm"},"service":"Game"}
{"level":"info","message":{"Action":"GET","Body":{},"Path":"/","Time":"05/21/2022, 1:18:21 pm"},"service":"Game"}
{"level":"info","message":{"Action":"GET","Body":{},"Path":"/","Time":"05/21/2022, 1:18:55 pm"},"service":"Game"}
{"level":"info","message":{"Action":"GET","Body":{},"Path":"/serverBP.js","Time":"05/21/2022, 1:18:55 pm"},"service":"Game"}
{"level":"info","message":{"Action":"GET","Body":{},"Path":"/home","Time":"05/21/2022, 1:19:34 pm"},"service":"Game"}
{"level":"info","message":{"Action":"GET","Body":{},"Path":"/serverBP.js","Time":"05/21/2022, 1:19:35 pm"},"service":"Game"}
{"level":"info","message":{"Action":"GET","Body":{},"Path":"/home","Time":"05/21/2022, 1:23:01 pm"},"service":"Game"}
{"level":"info","message":{"Action":"GET","Body":{},"Path":"/serverBP.js","Time":"05/21/2022, 1:23:02 pm"},"service":"Game"}
{"level":"info","message":{"Action":"GET","Body":{},"Path":"/home","Time":"05/21/2022, 1:25:53 pm"},"service":"Game"}
{"level":"info","message":{"Action":"GET","Body":{},"Path":"/serverBP.js","Time":"05/21/2022, 1:25:54 pm"},"service":"Game"}
{"level":"info","message":{"Action":"GET","Body":{},"Path":"/","Time":"05/21/2022, 1:25:58 pm"},"service":"Game"}
{"level":"info","message":{"Action":"GET","Body":{},"Path":"/home","Time":"05/21/2022, 1:27:29 pm"},"service":"Game"}
{"level":"info","message":{"Action":"GET","Body":{},"Path":"/home","Time":"05/21/2022, 1:30:51 pm"},"service":"Game"}
{"level":"info","message":{"Action":"GET","Body":{},"Path":"/serverBP.js","Time":"05/21/2022, 1:30:51 pm"},"service":"Game"}
{"level":"info","message":{"Action":"GET","Body":{},"Path":"/home","Time":"05/21/2022, 1:31:00 pm"},"service":"Game"}
{"level":"info","message":{"Action":"GET","Body":{},"Path":"/serverBP.js","Time":"05/21/2022, 1:31:00 pm"},"service":"Game"}
{"level":"info","message":{"Action":"GET","Body":{},"Path":"/home","Time":"05/21/2022, 1:31:46 pm"},"service":"Game"}
{"level":"info","message":{"Action":"GET","Body":{},"Path":"/serverBP.js","Time":"05/21/2022, 1:31:46 pm"},"service":"Game"}
{"level":"info","message":{"Action":"GET","Body":{},"Path":"/home","Time":"05/21/2022, 1:39:17 pm"},"service":"Game"}
{"level":"info","message":{"Action":"GET","Body":{},"Path":"/serverBP.js","Time":"05/21/2022, 1:39:17 pm"},"service":"Game"}
{"level":"info","message":{"Action":"GET","Body":{},"Path":"/home","Time":"05/21/2022, 1:41:07 pm"},"service":"Game"}
{"level":"info","message":{"Action":"GET","Body":{},"Path":"/home","Time":"05/21/2022, 1:41:27 pm"},"service":"Game"}
{"level":"info","message":{"Action":"GET","Body":{},"Path":"/home","Time":"05/21/2022, 1:41:34 pm"},"service":"Game"}
{"level":"info","message":{"Action":"GET","Body":{},"Path":"/home","Time":"05/21/2022, 1:43:25 pm"},"service":"Game"}
{"level":"info","message":{"Action":"GET","Body":{},"Path":"/home","Time":"05/21/2022, 1:43:29 pm"},"service":"Game"}
{"level":"info","message":{"Action":"GET","Body":{},"Path":"/home","Time":"05/21/2022, 1:44:07 pm"},"service":"Game"}
{"level":"info","message":{"Action":"GET","Body":{},"Path":"/home","Time":"05/21/2022, 1:44:15 pm"},"service":"Game"}
{"level":"info","message":{"Action":"GET","Body":{},"Path":"/home","Time":"05/21/2022, 1:45:12 pm"},"service":"Game"}
{"level":"info","message":{"Action":"GET","Body":{},"Path":"/home","Time":"05/21/2022, 1:45:26 pm"},"service":"Game"}
{"level":"info","message":{"Action":"GET","Body":{},"Path":"/home","Time":"05/21/2022, 1:45:41 pm"},"service":"Game"}
{"level":"info","message":{"Action":"GET","Body":{},"Path":"/home","Time":"05/21/2022, 1:46:36 pm"},"service":"Game"}
{"level":"info","message":{"Action":"GET","Body":{},"Path":"/home","Time":"05/21/2022, 1:47:24 pm"},"service":"Game"}
{"level":"info","message":{"Action":"GET","Body":{},"Path":"/home","Time":"05/21/2022, 1:48:10 pm"},"service":"Game"}
{"level":"info","message":{"Action":"GET","Body":{},"Path":"/home","Time":"05/21/2022, 1:48:38 pm"},"service":"Game"}
{"level":"info","message":{"Action":"GET","Body":{},"Path":"/home","Time":"05/21/2022, 1:49:13 pm"},"service":"Game"}
{"level":"info","message":{"Action":"GET","Body":{},"Path":"/home","Time":"05/21/2022, 1:51:42 pm"},"service":"Game"}
{"level":"info","message":{"Action":"GET","Body":{},"Path":"/home","Time":"05/21/2022, 1:52:45 pm"},"service":"Game"}
{"level":"info","message":{"Action":"GET","Body":{},"Path":"/home","Time":"05/21/2022, 1:54:24 pm"},"service":"Game"}
{"level":"info","message":{"Action":"GET","Body":{},"Path":"/serverBP.js","Time":"05/21/2022, 1:54:25 pm"},"service":"Game"}
{"level":"info","message":{"Action":"GET","Body":{},"Path":"/favicon.ico","Time":"05/21/2022, 1:54:26 pm"},"service":"Game"}
{"level":"info","message":{"Action":"GET","Body":{},"Path":"/home","Time":"05/21/2022, 1:54:26 pm"},"service":"Game"}
{"level":"info","message":{"Action":"GET","Body":{},"Path":"/serverBP.js","Time":"05/21/2022, 1:54:27 pm"},"service":"Game"}
{"level":"info","message":{"Action":"GET","Body":{},"Path":"/home","Time":"05/21/2022, 1:54:33 pm"},"service":"Game"}
{"level":"info","message":{"Action":"GET","Body":{},"Path":"/serverBP.js","Time":"05/21/2022, 1:54:34 pm"},"service":"Game"}
{"level":"info","message":{"Action":"GET","Body":{},"Path":"/home","Time":"05/21/2022, 1:58:17 pm"},"service":"Game"}
{"level":"info","message":{"Action":"GET","Body":{},"Path":"/serverBP.js","Time":"05/21/2022, 1:58:19 pm"},"service":"Game"}
{"level":"info","message":{"Action":"GET","Body":{},"Path":"/home","Time":"05/21/2022, 1:58:21 pm"},"service":"Game"}
{"level":"info","message":{"Action":"GET","Body":{},"Path":"/serverBP.js","Time":"05/21/2022, 1:58:22 pm"},"service":"Game"}
{"level":"info","message":{"Action":"GET","Body":{},"Path":"/home","Time":"05/21/2022, 1:59:55 pm"},"service":"Game"}
{"level":"info","message":{"Action":"GET","Body":{},"Path":"/serverBP.js","Time":"05/21/2022, 1:59:56 pm"},"service":"Game"}
{"level":"info","message":{"Action":"GET","Body":{},"Path":"/home","Time":"05/21/2022, 2:00:01 pm"},"service":"Game"}
{"level":"info","message":{"Action":"GET","Body":{},"Path":"/serverBP.js","Time":"05/21/2022, 2:00:02 pm"},"service":"Game"}
{"level":"info","message":{"Action":"GET","Body":{},"Path":"/home","Time":"05/21/2022, 2:02:17 pm"},"service":"Game"}
{"level":"info","message":{"Action":"GET","Body":{},"Path":"/serverBP.js","Time":"05/21/2022, 2:02:18 pm"},"service":"Game"}
{"level":"info","message":{"Action":"GET","Body":{},"Path":"/home","Time":"05/21/2022, 2:02:22 pm"},"service":"Game"}
{"level":"info","message":{"Action":"GET","Body":{},"Path":"/serverBP.js","Time":"05/21/2022, 2:02:23 pm"},"service":"Game"}
{"level":"info","message":{"Action":"GET","Body":{},"Path":"/home","Time":"05/21/2022, 2:02:25 pm"},"service":"Game"}
{"level":"info","message":{"Action":"GET","Body":{},"Path":"/serverBP.js","Time":"05/21/2022, 2:02:26 pm"},"service":"Game"}
{"level":"info","message":{"Action":"GET","Body":{},"Path":"/home","Time":"05/21/2022, 2:04:22 pm"},"service":"Game"}
{"level":"info","message":{"Action":"GET","Body":{},"Path":"/serverBP.js","Time":"05/21/2022, 2:04:24 pm"},"service":"Game"}
{"level":"info","message":{"Action":"GET","Body":{},"Path":"/home","Time":"05/21/2022, 2:04:27 pm"},"service":"Game"}
{"level":"info","message":{"Action":"GET","Body":{},"Path":"/serverBP.js","Time":"05/21/2022, 2:04:29 pm"},"service":"Game"}
{"level":"info","message":{"Action":"GET","Body":{},"Path":"/home","Time":"05/21/2022, 2:05:44 pm"},"service":"Game"}
{"level":"info","message":{"Action":"GET","Body":{},"Path":"/serverBP.js","Time":"05/21/2022, 2:05:45 pm"},"service":"Game"}
{"level":"info","message":{"Action":"GET","Body":{},"Path":"/","Time":"05/21/2022, 2:05:47 pm"},"service":"Game"}
{"level":"info","message":{"Action":"GET","Body":{},"Path":"/","Time":"05/21/2022, 2:07:29 pm"},"service":"Game"}
{"level":"info","message":{"Action":"GET","Body":{},"Path":"/serverBP.js","Time":"05/21/2022, 2:07:29 pm"},"service":"Game"}
{"level":"info","message":{"Action":"GET","Body":{},"Path":"/home","Time":"05/21/2022, 2:08:20 pm"},"service":"Game"}
{"level":"info","message":{"Action":"GET","Body":{},"Path":"/","Time":"05/21/2022, 2:09:09 pm"},"service":"Game"}
{"level":"info","message":{"Action":"GET","Body":{},"Path":"/serverBP.js","Time":"05/21/2022, 2:09:09 pm"},"service":"Game"}
{"level":"info","message":{"Action":"GET","Body":{},"Path":"/home","Time":"05/21/2022, 2:09:15 pm"},"service":"Game"}
{"level":"info","message":{"Action":"GET","Body":{},"Path":"/serverBP.js","Time":"05/21/2022, 2:09:16 pm"},"service":"Game"}
{"level":"info","message":{"Action":"GET","Body":{},"Path":"/","Time":"05/21/2022, 2:10:50 pm"},"service":"Game"}
{"level":"info","message":{"Action":"GET","Body":{},"Path":"/home","Time":"05/21/2022, 2:11:02 pm"},"service":"Game"}
{"level":"info","message":{"Action":"GET","Body":{},"Path":"/serverBP.js","Time":"05/21/2022, 2:11:02 pm"},"service":"Game"}
{"level":"info","message":{"Action":"POST","Body":{"search":"batman"},"Content_Type":"application/x-www-form-urlencoded","Path":"/home","Time":"05/21/2022, 2:11:06 pm"},"service":"Game"}
{"level":"info","message":{"Action":"GET","Body":{},"Path":"/serverBP.js","Time":"05/21/2022, 2:11:08 pm"},"service":"Game"}
{"level":"info","message":{"Action":"POST","Body":{"search":"batman"},"Content_Type":"application/x-www-form-urlencoded","Path":"/home","Time":"05/21/2022, 2:18:09 pm"},"service":"Game"}
{"level":"info","message":{"Action":"GET","Body":{},"Path":"/serverBP.js","Time":"05/21/2022, 2:18:10 pm"},"service":"Game"}
{"level":"info","message":{"Action":"POST","Body":{"search":"batman"},"Content_Type":"application/x-www-form-urlencoded","Path":"/home","Time":"05/21/2022, 2:21:43 pm"},"service":"Game"}
{"level":"info","message":{"Action":"GET","Body":{},"Path":"/home","Time":"05/21/2022, 2:22:31 pm"},"service":"Game"}
{"level":"info","message":{"Action":"GET","Body":{},"Path":"/home","Time":"05/21/2022, 2:23:48 pm"},"service":"Game"}
{"level":"info","message":{"Action":"GET","Body":{},"Path":"/home","Time":"05/21/2022, 2:24:45 pm"},"service":"Game"}
{"level":"info","message":{"Action":"GET","Body":{},"Path":"/serverBP.js","Time":"05/21/2022, 2:24:45 pm"},"service":"Game"}
{"level":"info","message":{"Action":"POST","Body":{"search":"batman"},"Content_Type":"application/x-www-form-urlencoded","Path":"/home","Time":"05/21/2022, 2:24:49 pm"},"service":"Game"}
{"level":"info","message":{"Action":"GET","Body":{},"Path":"/serverBP.js","Time":"05/21/2022, 2:24:51 pm"},"service":"Game"}
{"level":"info","message":{"Action":"POST","Body":{"search":"batman"},"Content_Type":"application/x-www-form-urlencoded","Path":"/home","Time":"05/21/2022, 2:29:33 pm"},"service":"Game"}
{"level":"info","message":{"Action":"GET","Body":{},"Path":"/serverBP.js","Time":"05/21/2022, 2:29:34 pm"},"service":"Game"}
{"level":"info","message":{"Action":"POST","Body":{"search":"superman"},"Content_Type":"application/x-www-form-urlencoded","Path":"/home","Time":"05/21/2022, 2:53:23 pm"},"service":"Game"}
{"level":"info","message":{"Action":"GET","Body":{},"Path":"/serverBP.js","Time":"05/21/2022, 2:53:24 pm"},"service":"Game"}
{"level":"info","message":{"Action":"GET","Body":{},"Path":"/home","Time":"05/21/2022, 2:59:15 pm"},"service":"Game"}
{"level":"info","message":{"Action":"GET","Body":{},"Path":"/game.css","Time":"05/21/2022, 2:59:15 pm"},"service":"Game"}
{"level":"info","message":{"Action":"GET","Body":{},"Path":"/Assets/FCPrimal.jpg","Time":"05/21/2022, 2:59:15 pm"},"service":"Game"}
{"level":"info","message":{"Action":"GET","Body":{},"Path":"/Assets/WD.jpg","Time":"05/21/2022, 2:59:15 pm"},"service":"Game"}
{"level":"info","message":{"Action":"GET","Body":{},"Path":"/Assets/Crysis.jpg","Time":"05/21/2022, 2:59:15 pm"},"service":"Game"}
{"level":"info","message":{"Action":"POST","Body":{"search":"batman"},"Content_Type":"application/x-www-form-urlencoded","Path":"/home","Time":"05/21/2022, 2:59:19 pm"},"service":"Game"}
{"level":"info","message":{"Action":"GET","Body":{},"Path":"/serverBP.js","Time":"05/21/2022, 2:59:21 pm"},"service":"Game"}
{"level":"info","message":{"Action":"GET","Body":{},"Path":"/","Time":"05/22/2022, 9:57:46 am"},"service":"Game"}
{"level":"info","message":{"Action":"GET","Body":{},"Path":"/home","Time":"05/22/2022, 9:57:54 am"},"service":"Game"}
{"level":"info","message":{"Action":"GET","Body":{},"Path":"/Assets/CNew.jpg","Time":"05/22/2022, 9:57:54 am"},"service":"Game"}
{"level":"info","message":{"Action":"GET","Body":{},"Path":"/game.css","Time":"05/22/2022, 9:57:54 am"},"service":"Game"}
{"level":"info","message":{"Action":"GET","Body":{},"Path":"/Assets/FCNew.jpg","Time":"05/22/2022, 9:57:54 am"},"service":"Game"}
{"level":"info","message":{"Action":"GET","Body":{},"Path":"/Assets/TRNew.jpg","Time":"05/22/2022, 9:57:54 am"},"service":"Game"}
{"level":"info","message":{"Action":"GET","Body":{},"Path":"/Assets/WDNew.jpg","Time":"05/22/2022, 9:57:54 am"},"service":"Game"}
